[Thd 6912 CPU 3 6/16/24 11:25:24.998] Unknown option or wrong param count for option ''-dir=\\live.rd.ucl.ac.uk\ritd-ag-project-rd01ie-asale69\ibn-vision\DATA\SUBJECTS\M24017\ephys\20240530\20240530_0'.
[Thd 6912 CPU 3 6/16/24 11:25:25.000] 
[Thd 25976 CPU 2 6/16/24 11:26:10.236] Unknown option or wrong param count for option ''-dir=Z:\ibn-vision\DATA\SUBJECTS\M24017\ephys\20240530\20240530_0'.
[Thd 25976 CPU 2 6/16/24 11:26:10.237] 
[Thd 40820 CPU 2 6/16/24 11:28:06.448] Error: Bad g- or t-indices.
[Thd 40820 CPU 2 6/16/24 11:28:06.449] 
[Thd 40820 CPU 2 6/16/24 11:28:06.449] *** ERROR: MISSING CRITICAL PARAMETERS ***
[Thd 40820 CPU 2 6/16/24 11:28:06.450] ------------------------
[Thd 40820 CPU 2 6/16/24 11:28:06.450] Purpose:
[Thd 40820 CPU 2 6/16/24 11:28:06.450] + Optionally join trials with given run_name and index ranges [ga,gb] [ta,tb]...
[Thd 40820 CPU 2 6/16/24 11:28:06.450] + ...Or run on any individual file.
[Thd 40820 CPU 2 6/16/24 11:28:06.450] + Optionally apply demultiplexing corrections.
[Thd 40820 CPU 2 6/16/24 11:28:06.450] + Optionally apply band-pass and global CAR filters.
[Thd 40820 CPU 2 6/16/24 11:28:06.451] + Optionally edit out saturation artifacts.
[Thd 40820 CPU 2 6/16/24 11:28:06.451] + Optionally extract tables of sync waveform edge times to drive TPrime.
[Thd 40820 CPU 2 6/16/24 11:28:06.451] + Optionally extract tables of other nonneural event times to be aligned with spikes.
[Thd 40820 CPU 2 6/16/24 11:28:06.451] + Optionally join the above outputs across different runs (supercat feature).

[Thd 40820 CPU 2 6/16/24 11:28:06.451] Output:
[Thd 40820 CPU 2 6/16/24 11:28:06.451] + Results are placed next to source, named like this, with t-index = tcat:
[Thd 40820 CPU 2 6/16/24 11:28:06.451] +    path/run_name_g5_tcat.imec1.ap.bin.
[Thd 40820 CPU 2 6/16/24 11:28:06.452] + Errors and run messages are appended to CatGT.log in the current working directory.

[Thd 40820 CPU 2 6/16/24 11:28:06.452] Usage:
[Thd 40820 CPU 2 6/16/24 11:28:06.452] >CatGT -dir=data_dir -run=run_name -g=ga,gb -t=ta,tb <which streams> [ options ]

[Thd 40820 CPU 2 6/16/24 11:28:06.452] Which streams:
[Thd 40820 CPU 2 6/16/24 11:28:06.452] -ni                      ;required to process ni stream
[Thd 40820 CPU 2 6/16/24 11:28:06.453] -ob                      ;required to process ob streams
[Thd 40820 CPU 2 6/16/24 11:28:06.453] -ap                      ;required to process ap streams
[Thd 40820 CPU 2 6/16/24 11:28:06.453] -lf                      ;required to process lf streams
[Thd 40820 CPU 2 6/16/24 11:28:06.453] -obx=0,3:5               ;if -ob process these OneBoxes
[Thd 40820 CPU 2 6/16/24 11:28:06.453] -prb_3A                  ;if -ap or -lf process 3A-style probe files, e.g., run_name_g0_t0.imec.ap.bin
[Thd 40820 CPU 2 6/16/24 11:28:06.453] -prb=0,3:5               ;if -ap or -lf AND !prb_3A process these probes

[Thd 40820 CPU 2 6/16/24 11:28:06.454] Options:
[Thd 40820 CPU 2 6/16/24 11:28:06.454] -no_run_fld              ;older data, or data files relocated without a run folder
[Thd 40820 CPU 2 6/16/24 11:28:06.454] -prb_fld                 ;use folder-per-probe organization
[Thd 40820 CPU 2 6/16/24 11:28:06.454] -prb_miss_ok             ;instead of stopping, silently skip missing probes
[Thd 40820 CPU 2 6/16/24 11:28:06.454] -gtlist={gj,tja,tjb}     ;override {-g,-t} giving each listed g-index its own t-range
[Thd 40820 CPU 2 6/16/24 11:28:06.454] -t=cat                   ;extract events from CatGT output files (instead of -t=ta,tb)
[Thd 40820 CPU 2 6/16/24 11:28:06.455] -exported                ;apply FileViewer 'exported' tag to in/output filenames
[Thd 40820 CPU 2 6/16/24 11:28:06.455] -t_miss_ok               ;instead of stopping, zero-fill if trial missing
[Thd 40820 CPU 2 6/16/24 11:28:06.455] -zerofillmax=500         ;set a maximum zero-fill span (millisec)
[Thd 40820 CPU 2 6/16/24 11:28:06.455] -startsecs=120.0         ;skip this initial span of each input stream (float seconds)
[Thd 40820 CPU 2 6/16/24 11:28:06.456] -maxsecs=7.5             ;set a maximum output file length (float seconds)
[Thd 40820 CPU 2 6/16/24 11:28:06.456] -apfilter=Typ,N,Fhi,Flo  ;apply ap band-pass filter of given {type, order, corners(float Hz)}
[Thd 40820 CPU 2 6/16/24 11:28:06.456] -lffilter=Typ,N,Fhi,Flo  ;apply lf band-pass filter of given {type, order, corners(float Hz)}
[Thd 40820 CPU 2 6/16/24 11:28:06.456] -no_tshift               ;DO NOT time-align channels to account for ADC multiplexing
[Thd 40820 CPU 2 6/16/24 11:28:06.456] -loccar_um=40,140        ;apply ap local CAR annulus (exclude radius, include radius)
[Thd 40820 CPU 2 6/16/24 11:28:06.456] -loccar=2,8              ;apply ap local CAR annulus (exclude radius, include radius)
[Thd 40820 CPU 2 6/16/24 11:28:06.457] -gblcar                  ;apply ap global CAR filter over all channels
[Thd 40820 CPU 2 6/16/24 11:28:06.457] -gbldmx                  ;apply ap global demuxed CAR filter over channel groups
[Thd 40820 CPU 2 6/16/24 11:28:06.457] -gfix=0.40,0.10,0.02     ;rmv ap artifacts: ||amp(mV)||, ||slope(mV/sample)||, ||noise(mV)||
[Thd 40820 CPU 2 6/16/24 11:28:06.457] -chnexcl={prb;chans}     ;this probe, exclude listed chans from ap loccar, gblcar, gfix
[Thd 40820 CPU 2 6/16/24 11:28:06.457] -xa=0,0,2,3.0,4.5,25     ;extract pulse signal from analog chan (js,ip,word,thresh1(V),thresh2(V),millisec)
[Thd 40820 CPU 2 6/16/24 11:28:06.458] -xd=2,0,384,6,500        ;extract pulse signal from digital chan (js,ip,word,bit,millisec)
[Thd 40820 CPU 2 6/16/24 11:28:06.458] -xia=0,0,2,3.0,4.5,2     ;inverted version of xa
[Thd 40820 CPU 2 6/16/24 11:28:06.458] -xid=2,0,384,6,50        ;inverted version of xd
[Thd 40820 CPU 2 6/16/24 11:28:06.458] -bf=0,0,8,2,4,3          ;extract numeric bit-field from digital chan (js,ip,word,startbit,nbits,inarow)
[Thd 40820 CPU 2 6/16/24 11:28:06.458] -inarow=5                ;extractor {xa,xd,xia,xid} antibounce stay high/low sample count
[Thd 40820 CPU 2 6/16/24 11:28:06.458] -no_auto_sync            ;disable the automatic extraction of sync edges in all streams
[Thd 40820 CPU 2 6/16/24 11:28:06.458] -save=2,0,5,20:60        ;save subset of probe chans (js,ip1,ip2,chan-list)
[Thd 40820 CPU 2 6/16/24 11:28:06.459] -maxZ=0,0,100            ;probe inserted to given depth (ip,depth-type,depth-value)
[Thd 40820 CPU 2 6/16/24 11:28:06.459] -pass1_force_ni_ob_bin   ;write pass one ni/ob binary tcat file even if not changed
[Thd 40820 CPU 2 6/16/24 11:28:06.459] -supercat={dir,run_ga}   ;concatenate existing output files across runs (see ReadMe)
[Thd 40820 CPU 2 6/16/24 11:28:06.459] -supercat_trim_edges     ;supercat after trimming each stream to matched sync edges
[Thd 40820 CPU 2 6/16/24 11:28:06.459] -supercat_skip_ni_ob_bin ;do not supercat ni/ob binary files
[Thd 40820 CPU 2 6/16/24 11:28:06.459] -dest=path               ;alternate path for output files (must exist)
[Thd 40820 CPU 2 6/16/24 11:28:06.460] -no_catgt_fld            ;if using -dest, do not create catgt_run subfolder
[Thd 40820 CPU 2 6/16/24 11:28:06.460] -out_prb_fld             ;if using -dest, create output subfolder per probe
[Thd 40820 CPU 2 6/16/24 11:28:06.460] ------------------------
[Thd 40820 CPU 2 6/16/24 11:28:06.460] 
[Thd 41612 CPU 10 6/16/24 11:34:19.247] Unknown option or wrong param count for option ''-dir=Z:\ibn-vision\DATA\SUBJECTS\M24017\ephys\20240530\20240530_0'.
[Thd 41612 CPU 10 6/16/24 11:34:19.248] 
[Thd 42740 CPU 4 6/16/24 11:34:34.262] Unknown option or wrong param count for option '''.
[Thd 42740 CPU 4 6/16/24 11:34:34.263] 
[Thd 43584 CPU 4 6/16/24 11:35:08.046] Cmdline: CatGT -dir=Z:/ibn-vision/DATA/SUBJECTS/M24017/ephys/20240530/20240530_0 -run=M24017_20240530_0 -g=0 -t=0 -prb_fld -lf -prb=0:1 -zerofillmax=500 -lffilter=butter,12,0,500
[Thd 43584 CPU 8 6/16/24 11:35:08.053] Meta file not found 'Z:/ibn-vision/DATA/SUBJECTS/M24017/ephys/20240530/20240530_0/M24017_20240530_0_g0/M24017_20240530_0_g0_imec0/M24017_20240530_0_g0_t0.imec0.lf.meta'.
[Thd 43584 CPU 4 6/16/24 11:35:08.057] Meta file not found 'Z:/ibn-vision/DATA/SUBJECTS/M24017/ephys/20240530/20240530_0/M24017_20240530_0_g0/M24017_20240530_0_g0_imec1/M24017_20240530_0_g0_t0.imec1.lf.meta'.
[Thd 43584 CPU 2 6/16/24 11:35:08.129] Creating lf stream for probe 0.
[Thd 43584 CPU 3 6/16/24 11:39:20.152] Creating lf stream for probe 1.
[Thd 43584 CPU 4 6/16/24 11:42:44.015] 
